[
  {
    "level": "INFO",
    "message": "android.ndkVersion from module build.gradle is 21.0.6113669"
  },
  {
    "level": "INFO",
    "message": "ndk.dir in local.properties is not set"
  },
  {
    "level": "INFO",
    "message": "ANDROID_NDK_HOME environment variable is not set"
  },
  {
    "level": "INFO",
    "message": "sdkFolder is /home/hilledkinged/Android/Sdk"
  },
  {
    "level": "INFO",
    "message": "Considering /home/hilledkinged/Android/Sdk/ndk-bundle in SDK ndk-bundle folder"
  },
  {
    "level": "INFO",
    "message": "Considering /home/hilledkinged/Android/Sdk/ndk/20.0.5594570 in SDK ndk folder"
  },
  {
    "level": "INFO",
    "message": "Considering /home/hilledkinged/Android/Sdk/ndk/21.0.6113669 in SDK ndk folder"
  },
  {
    "level": "INFO",
    "message": "Found requested NDK version 21.0.6113669 at /home/hilledkinged/Android/Sdk/ndk/21.0.6113669"
  }
]